This file contains any messages produced by compilers while
running configure, to aid debugging if configure makes a mistake.

It was created by cathy configure 0.1.0, which was
generated by GNU Autoconf 2.69.  Invocation command line was

  $ /home/grizzlysmit/Projects/xmms2/cathy/configure --enable-maintainer-mode CXXFLAGS=-std=c++20

## --------- ##
## Platform. ##
## --------- ##

hostname = pern
uname -m = x86_64
uname -r = 5.8.0-49-generic
uname -s = Linux
uname -v = #55-Ubuntu SMP Wed Mar 24 14:45:45 UTC 2021

/usr/bin/uname -p = x86_64
/bin/uname -X     = unknown

/bin/arch              = x86_64
/usr/bin/arch -k       = unknown
/usr/convex/getsysinfo = unknown
/usr/bin/hostinfo      = unknown
/bin/machine           = unknown
/usr/bin/oslevel       = unknown
/bin/universe          = unknown

PATH: /home/grizzlysmit/.local/bin
PATH: /home/grizzlysmit/bin
PATH: /home/grizzlysmit/.rakubrew/shims
PATH: /home/grizzlysmit/.rakubrew/bin
PATH: /usr/local/sbin
PATH: /usr/local/bin
PATH: /usr/sbin
PATH: /usr/bin
PATH: /sbin
PATH: /bin
PATH: /usr/games
PATH: /usr/local/games
PATH: /snap/bin
PATH: /home/grizzlysmit/bin
PATH: /home/grizzlysmit/.rakubrew/moar-nom/install/bin
PATH: /home/grizzlysmit/raku/doc/bin
PATH: /home/grizzlysmit/.rakubrew/moar-nom/install/share/perl6/site/bin
PATH: /home/grizzlysmit/.cargo/bin
PATH: /usr/local/mercury-DEV/bin
PATH: /home/grizzlysmit/work/bin
PATH: /home/grizzlysmit/software/seamonkey
PATH: /home/grizzlysmit/software/bin
PATH: /home/grizzlysmit/kotlin-native-linux-1.4/bin
PATH: /usr/lib/go/bin
PATH: /home/grizzlysmit/go/bin
PATH: /home/grizzlysmit/go/bin/linux_386


## ----------- ##
## Core tests. ##
## ----------- ##

configure:2480: checking for a BSD-compatible install
configure:2548: result: /usr/bin/install -c
configure:2559: checking whether build environment is sane
configure:2614: result: yes
configure:2763: checking for a thread-safe mkdir -p
configure:2802: result: /usr/bin/mkdir -p
configure:2809: checking for gawk
configure:2825: found /usr/bin/gawk
configure:2836: result: gawk
configure:2847: checking whether make sets $(MAKE)
configure:2869: result: yes
configure:2898: checking whether make supports nested variables
configure:2915: result: yes
configure:3053: checking whether make supports nested variables
configure:3070: result: yes
configure:3140: checking for g++
configure:3156: found /usr/bin/g++
configure:3167: result: g++
configure:3194: checking for C++ compiler version
configure:3203: g++ --version >&5
g++ (Ubuntu 10.2.0-13ubuntu1) 10.2.0
Copyright (C) 2020 Free Software Foundation, Inc.
This is free software; see the source for copying conditions.  There is NO
warranty; not even for MERCHANTABILITY or FITNESS FOR A PARTICULAR PURPOSE.

configure:3214: $? = 0
configure:3203: g++ -v >&5
Using built-in specs.
COLLECT_GCC=g++
COLLECT_LTO_WRAPPER=/usr/lib/gcc/x86_64-linux-gnu/10/lto-wrapper
OFFLOAD_TARGET_NAMES=nvptx-none:amdgcn-amdhsa:hsa
OFFLOAD_TARGET_DEFAULT=1
Target: x86_64-linux-gnu
Configured with: ../src/configure -v --with-pkgversion='Ubuntu 10.2.0-13ubuntu1' --with-bugurl=file:///usr/share/doc/gcc-10/README.Bugs --enable-languages=c,ada,c++,go,brig,d,fortran,objc,obj-c++,m2 --prefix=/usr --with-gcc-major-version-only --program-suffix=-10 --program-prefix=x86_64-linux-gnu- --enable-shared --enable-linker-build-id --libexecdir=/usr/lib --without-included-gettext --enable-threads=posix --libdir=/usr/lib --enable-nls --enable-clocale=gnu --enable-libstdcxx-debug --enable-libstdcxx-time=yes --with-default-libstdcxx-abi=new --enable-gnu-unique-object --disable-vtable-verify --enable-plugin --enable-default-pie --with-system-zlib --enable-libphobos-checking=release --with-target-system-zlib=auto --enable-objc-gc=auto --enable-multiarch --disable-werror --with-arch-32=i686 --with-abi=m64 --with-multilib-list=m32,m64,mx32 --enable-multilib --with-tune=generic --enable-offload-targets=nvptx-none=/build/gcc-10-JvwpWM/gcc-10-10.2.0/debian/tmp-nvptx/usr,amdgcn-amdhsa=/build/gcc-10-JvwpWM/gcc-10-10.2.0/debian/tmp-gcn/usr,hsa --without-cuda-driver --enable-checking=release --build=x86_64-linux-gnu --host=x86_64-linux-gnu --target=x86_64-linux-gnu
Thread model: posix
Supported LTO compression algorithms: zlib zstd
gcc version 10.2.0 (Ubuntu 10.2.0-13ubuntu1) 
... rest of stderr output deleted ...
configure:3214: $? = 0
configure:3203: g++ -V >&5
g++: error: unrecognized command-line option '-V'
g++: fatal error: no input files
compilation terminated.
configure:3214: $? = 1
configure:3203: g++ -qversion >&5
g++: error: unrecognized command-line option '-qversion'; did you mean '--version'?
g++: fatal error: no input files
compilation terminated.
configure:3214: $? = 1
configure:3234: checking whether the C++ compiler works
configure:3256: g++ -std=c++20   conftest.cpp  >&5
configure:3260: $? = 0
configure:3308: result: yes
configure:3311: checking for C++ compiler default output file name
configure:3313: result: a.out
configure:3319: checking for suffix of executables
configure:3326: g++ -o conftest -std=c++20   conftest.cpp  >&5
configure:3330: $? = 0
configure:3352: result: 
configure:3374: checking whether we are cross compiling
configure:3382: g++ -o conftest -std=c++20   conftest.cpp  >&5
configure:3386: $? = 0
configure:3393: ./conftest
configure:3397: $? = 0
configure:3385: result: no
configure:3390: checking for suffix of object files
configure:3412: g++ -c -std=c++20  conftest.cpp >&5
configure:3416: $? = 0
configure:3437: result: o
configure:3441: checking whether we are using the GNU C++ compiler
configure:3460: g++ -c -std=c++20  conftest.cpp >&5
configure:3460: $? = 0
configure:3469: result: yes
configure:3478: checking whether g++ accepts -g
configure:3498: g++ -c -g  conftest.cpp >&5
configure:3498: $? = 0
configure:3539: result: yes
configure:3565: checking whether make supports the include directive
configure:3580: make -f confmf.GNU && cat confinc.out
this is the am__doit target
configure:3583: $? = 0
configure:3602: result: yes (GNU style)
configure:3627: checking dependency style of g++
configure:3738: result: gcc3
configure:3758: checking whether NLS is requested
configure:3767: result: yes
configure:3785: checking for intltool >= 0.35.0
configure:3787: result: 0.51.0 found
configure:3795: checking for intltool-update
configure:3813: found /usr/bin/intltool-update
configure:3825: result: /usr/bin/intltool-update
configure:3835: checking for intltool-merge
configure:3853: found /usr/bin/intltool-merge
configure:3865: result: /usr/bin/intltool-merge
configure:3875: checking for intltool-extract
configure:3893: found /usr/bin/intltool-extract
configure:3905: result: /usr/bin/intltool-extract
configure:4059: checking for xgettext
configure:4077: found /usr/bin/xgettext
configure:4089: result: /usr/bin/xgettext
configure:4099: checking for msgmerge
configure:4117: found /usr/bin/msgmerge
configure:4129: result: /usr/bin/msgmerge
configure:4139: checking for msgfmt
configure:4157: found /usr/bin/msgfmt
configure:4169: result: /usr/bin/msgfmt
configure:4179: checking for gmsgfmt
configure:4210: result: /usr/bin/msgfmt
configure:4230: checking for perl
configure:4248: found /usr/bin/perl
configure:4260: result: /usr/bin/perl
configure:4271: checking for perl >= 5.8.1
configure:4278: result: 5.30.3
configure:4282: checking for XML::Parser
configure:4285: result: ok
configure:4354: checking for gcc
configure:4370: found /usr/bin/gcc
configure:4381: result: gcc
configure:4610: checking for C compiler version
configure:4619: gcc --version >&5
gcc (Ubuntu 10.2.0-13ubuntu1) 10.2.0
Copyright (C) 2020 Free Software Foundation, Inc.
This is free software; see the source for copying conditions.  There is NO
warranty; not even for MERCHANTABILITY or FITNESS FOR A PARTICULAR PURPOSE.

configure:4630: $? = 0
configure:4619: gcc -v >&5
Using built-in specs.
COLLECT_GCC=gcc
COLLECT_LTO_WRAPPER=/usr/lib/gcc/x86_64-linux-gnu/10/lto-wrapper
OFFLOAD_TARGET_NAMES=nvptx-none:amdgcn-amdhsa:hsa
OFFLOAD_TARGET_DEFAULT=1
Target: x86_64-linux-gnu
Configured with: ../src/configure -v --with-pkgversion='Ubuntu 10.2.0-13ubuntu1' --with-bugurl=file:///usr/share/doc/gcc-10/README.Bugs --enable-languages=c,ada,c++,go,brig,d,fortran,objc,obj-c++,m2 --prefix=/usr --with-gcc-major-version-only --program-suffix=-10 --program-prefix=x86_64-linux-gnu- --enable-shared --enable-linker-build-id --libexecdir=/usr/lib --without-included-gettext --enable-threads=posix --libdir=/usr/lib --enable-nls --enable-clocale=gnu --enable-libstdcxx-debug --enable-libstdcxx-time=yes --with-default-libstdcxx-abi=new --enable-gnu-unique-object --disable-vtable-verify --enable-plugin --enable-default-pie --with-system-zlib --enable-libphobos-checking=release --with-target-system-zlib=auto --enable-objc-gc=auto --enable-multiarch --disable-werror --with-arch-32=i686 --with-abi=m64 --with-multilib-list=m32,m64,mx32 --enable-multilib --with-tune=generic --enable-offload-targets=nvptx-none=/build/gcc-10-JvwpWM/gcc-10-10.2.0/debian/tmp-nvptx/usr,amdgcn-amdhsa=/build/gcc-10-JvwpWM/gcc-10-10.2.0/debian/tmp-gcn/usr,hsa --without-cuda-driver --enable-checking=release --build=x86_64-linux-gnu --host=x86_64-linux-gnu --target=x86_64-linux-gnu
Thread model: posix
Supported LTO compression algorithms: zlib zstd
gcc version 10.2.0 (Ubuntu 10.2.0-13ubuntu1) 
... rest of stderr output deleted ...
configure:4630: $? = 0
configure:4619: gcc -V >&5
gcc: error: unrecognized command-line option '-V'
gcc: fatal error: no input files
compilation terminated.
configure:4630: $? = 1
configure:4619: gcc -qversion >&5
gcc: error: unrecognized command-line option '-qversion'; did you mean '--version'?
gcc: fatal error: no input files
compilation terminated.
configure:4630: $? = 1
configure:4634: checking whether we are using the GNU C compiler
configure:4653: gcc -c   conftest.c >&5
configure:4653: $? = 0
configure:4662: result: yes
configure:4671: checking whether gcc accepts -g
configure:4691: gcc -c -g  conftest.c >&5
configure:4691: $? = 0
configure:4732: result: yes
configure:4749: checking for gcc option to accept ISO C89
configure:4812: gcc  -c -g -O2  conftest.c >&5
configure:4812: $? = 0
configure:4825: result: none needed
configure:4850: checking whether gcc understands -c and -o together
configure:4872: gcc -c conftest.c -o conftest2.o
configure:4875: $? = 0
configure:4872: gcc -c conftest.c -o conftest2.o
configure:4875: $? = 0
configure:4887: result: yes
configure:4906: checking dependency style of gcc
configure:5017: result: gcc3
configure:5038: checking how to run the C preprocessor
configure:5069: gcc -E  conftest.c
configure:5069: $? = 0
configure:5083: gcc -E  conftest.c
conftest.c:12:10: fatal error: ac_nonexistent.h: No such file or directory
   12 | #include <ac_nonexistent.h>
      |          ^~~~~~~~~~~~~~~~~~
compilation terminated.
configure:5083: $? = 1
configure: failed program was:
| /* confdefs.h */
| #define PACKAGE_NAME "cathy"
| #define PACKAGE_TARNAME "cathy"
| #define PACKAGE_VERSION "0.1.0"
| #define PACKAGE_STRING "cathy 0.1.0"
| #define PACKAGE_BUGREPORT ""
| #define PACKAGE_URL ""
| #define PACKAGE "cathy"
| #define VERSION "0.1.0"
| #define GETTEXT_PACKAGE "cathy"
| /* end confdefs.h.  */
| #include <ac_nonexistent.h>
configure:5108: result: gcc -E
configure:5128: gcc -E  conftest.c
configure:5128: $? = 0
configure:5142: gcc -E  conftest.c
conftest.c:12:10: fatal error: ac_nonexistent.h: No such file or directory
   12 | #include <ac_nonexistent.h>
      |          ^~~~~~~~~~~~~~~~~~
compilation terminated.
configure:5142: $? = 1
configure: failed program was:
| /* confdefs.h */
| #define PACKAGE_NAME "cathy"
| #define PACKAGE_TARNAME "cathy"
| #define PACKAGE_VERSION "0.1.0"
| #define PACKAGE_STRING "cathy 0.1.0"
| #define PACKAGE_BUGREPORT ""
| #define PACKAGE_URL ""
| #define PACKAGE "cathy"
| #define VERSION "0.1.0"
| #define GETTEXT_PACKAGE "cathy"
| /* end confdefs.h.  */
| #include <ac_nonexistent.h>
configure:5171: checking for grep that handles long lines and -e
configure:5229: result: /usr/bin/grep
configure:5234: checking for egrep
configure:5296: result: /usr/bin/grep -E
configure:5301: checking for ANSI C header files
configure:5321: gcc -c -g -O2  conftest.c >&5
configure:5321: $? = 0
configure:5394: gcc -o conftest -g -O2   conftest.c  >&5
configure:5394: $? = 0
configure:5394: ./conftest
configure:5394: $? = 0
configure:5405: result: yes
configure:5418: checking for sys/types.h
configure:5418: gcc -c -g -O2  conftest.c >&5
configure:5418: $? = 0
configure:5418: result: yes
configure:5418: checking for sys/stat.h
configure:5418: gcc -c -g -O2  conftest.c >&5
configure:5418: $? = 0
configure:5418: result: yes
configure:5418: checking for stdlib.h
configure:5418: gcc -c -g -O2  conftest.c >&5
configure:5418: $? = 0
configure:5418: result: yes
configure:5418: checking for string.h
configure:5418: gcc -c -g -O2  conftest.c >&5
configure:5418: $? = 0
configure:5418: result: yes
configure:5418: checking for memory.h
configure:5418: gcc -c -g -O2  conftest.c >&5
configure:5418: $? = 0
configure:5418: result: yes
configure:5418: checking for strings.h
configure:5418: gcc -c -g -O2  conftest.c >&5
configure:5418: $? = 0
configure:5418: result: yes
configure:5418: checking for inttypes.h
configure:5418: gcc -c -g -O2  conftest.c >&5
configure:5418: $? = 0
configure:5418: result: yes
configure:5418: checking for stdint.h
configure:5418: gcc -c -g -O2  conftest.c >&5
configure:5418: $? = 0
configure:5418: result: yes
configure:5418: checking for unistd.h
configure:5418: gcc -c -g -O2  conftest.c >&5
configure:5418: $? = 0
configure:5418: result: yes
configure:5433: checking locale.h usability
configure:5433: gcc -c -g -O2  conftest.c >&5
configure:5433: $? = 0
configure:5433: result: yes
configure:5433: checking locale.h presence
configure:5433: gcc -E  conftest.c
configure:5433: $? = 0
configure:5433: result: yes
configure:5433: checking for locale.h
configure:5433: result: yes
configure:5444: checking for LC_MESSAGES
configure:5460: gcc -o conftest -g -O2   conftest.c  >&5
configure:5460: $? = 0
configure:5468: result: yes
configure:5486: checking for CFPreferencesCopyAppValue
configure:5504: gcc -o conftest -g -O2   conftest.c  -Wl,-framework -Wl,CoreFoundation >&5
conftest.c:24:10: fatal error: CoreFoundation/CFPreferences.h: No such file or directory
   24 | #include <CoreFoundation/CFPreferences.h>
      |          ^~~~~~~~~~~~~~~~~~~~~~~~~~~~~~~~
compilation terminated.
configure:5504: $? = 1
configure: failed program was:
| /* confdefs.h */
| #define PACKAGE_NAME "cathy"
| #define PACKAGE_TARNAME "cathy"
| #define PACKAGE_VERSION "0.1.0"
| #define PACKAGE_STRING "cathy 0.1.0"
| #define PACKAGE_BUGREPORT ""
| #define PACKAGE_URL ""
| #define PACKAGE "cathy"
| #define VERSION "0.1.0"
| #define GETTEXT_PACKAGE "cathy"
| #define STDC_HEADERS 1
| #define HAVE_SYS_TYPES_H 1
| #define HAVE_SYS_STAT_H 1
| #define HAVE_STDLIB_H 1
| #define HAVE_STRING_H 1
| #define HAVE_MEMORY_H 1
| #define HAVE_STRINGS_H 1
| #define HAVE_INTTYPES_H 1
| #define HAVE_STDINT_H 1
| #define HAVE_UNISTD_H 1
| #define HAVE_LOCALE_H 1
| #define HAVE_LC_MESSAGES 1
| /* end confdefs.h.  */
| #include <CoreFoundation/CFPreferences.h>
| int
| main ()
| {
| CFPreferencesCopyAppValue(NULL, NULL)
|   ;
|   return 0;
| }
configure:5513: result: no
configure:5520: checking for CFLocaleCopyCurrent
configure:5538: gcc -o conftest -g -O2   conftest.c  -Wl,-framework -Wl,CoreFoundation >&5
conftest.c:24:10: fatal error: CoreFoundation/CFLocale.h: No such file or directory
   24 | #include <CoreFoundation/CFLocale.h>
      |          ^~~~~~~~~~~~~~~~~~~~~~~~~~~
compilation terminated.
configure:5538: $? = 1
configure: failed program was:
| /* confdefs.h */
| #define PACKAGE_NAME "cathy"
| #define PACKAGE_TARNAME "cathy"
| #define PACKAGE_VERSION "0.1.0"
| #define PACKAGE_STRING "cathy 0.1.0"
| #define PACKAGE_BUGREPORT ""
| #define PACKAGE_URL ""
| #define PACKAGE "cathy"
| #define VERSION "0.1.0"
| #define GETTEXT_PACKAGE "cathy"
| #define STDC_HEADERS 1
| #define HAVE_SYS_TYPES_H 1
| #define HAVE_SYS_STAT_H 1
| #define HAVE_STDLIB_H 1
| #define HAVE_STRING_H 1
| #define HAVE_MEMORY_H 1
| #define HAVE_STRINGS_H 1
| #define HAVE_INTTYPES_H 1
| #define HAVE_STDINT_H 1
| #define HAVE_UNISTD_H 1
| #define HAVE_LOCALE_H 1
| #define HAVE_LC_MESSAGES 1
| /* end confdefs.h.  */
| #include <CoreFoundation/CFLocale.h>
| int
| main ()
| {
| CFLocaleCopyCurrent();
|   ;
|   return 0;
| }
configure:5547: result: no
configure:5561: checking libintl.h usability
configure:5561: gcc -c -g -O2  conftest.c >&5
configure:5561: $? = 0
configure:5561: result: yes
configure:5561: checking libintl.h presence
configure:5561: gcc -E  conftest.c
configure:5561: $? = 0
configure:5561: result: yes
configure:5561: checking for libintl.h
configure:5561: result: yes
configure:5569: checking for ngettext in libc
configure:5587: gcc -o conftest -g -O2   conftest.c  >&5
configure:5587: $? = 0
configure:5596: result: yes
configure:5600: checking for dgettext in libc
configure:5618: gcc -o conftest -g -O2   conftest.c  >&5
configure:5618: $? = 0
configure:5627: result: yes
configure:5634: checking for bind_textdomain_codeset
configure:5634: gcc -o conftest -g -O2   conftest.c  >&5
configure:5634: $? = 0
configure:5634: result: yes
configure:5910: checking for msgfmt
configure:5937: result: /usr/bin/msgfmt
configure:5948: checking for dcgettext
configure:5948: gcc -o conftest -g -O2   conftest.c   >&5
conftest.c:49:6: warning: conflicting types for built-in function 'dcgettext'; expected 'char *(const char *, const char *, int)' [-Wbuiltin-declaration-mismatch]
   49 | char dcgettext ();
      |      ^~~~~~~~~
configure:5948: $? = 0
configure:5948: result: yes
configure:5958: checking if msgfmt accepts -c
configure:5973: $MSGFMT -c -o /dev/null conftest.foo
conftest.foo:3: warning: header field 'Language' missing in header
configure:5976: $? = 0
configure:5978: result: yes
configure:5988: checking for gmsgfmt
configure:6019: result: /usr/bin/msgfmt
configure:6029: checking for xgettext
configure:6056: result: /usr/bin/xgettext
configure:6075: gcc -o conftest -g -O2   conftest.c   >&5
configure:6075: $? = 0
configure:6246: checking build system type
configure:6260: result: x86_64-unknown-linux-gnu
configure:6280: checking host system type
configure:6293: result: x86_64-unknown-linux-gnu
configure:6334: checking how to print strings
configure:6361: result: printf
configure:6382: checking for a sed that does not truncate output
configure:6446: result: /usr/bin/sed
configure:6464: checking for fgrep
configure:6526: result: /usr/bin/grep -F
configure:6561: checking for ld used by gcc
configure:6628: result: /usr/bin/ld
configure:6635: checking if the linker (/usr/bin/ld) is GNU ld
configure:6650: result: yes
configure:6662: checking for BSD- or MS-compatible name lister (nm)
configure:6716: result: /usr/bin/nm -B
configure:6846: checking the name lister (/usr/bin/nm -B) interface
configure:6853: gcc -c -g -O2  conftest.c >&5
configure:6856: /usr/bin/nm -B "conftest.o"
configure:6859: output
0000000000000000 B some_variable
configure:6860: result: BSD nm
configure:6863: checking whether ln -s works
configure:6867: result: yes
configure:6875: checking the maximum length of command line arguments
configure:7006: result: 1572864
configure:7054: checking how to convert x86_64-unknown-linux-gnu file names to x86_64-unknown-linux-gnu format
configure:7094: result: func_convert_file_noop
configure:7101: checking how to convert x86_64-unknown-linux-gnu file names to toolchain format
configure:7121: result: func_convert_file_noop
configure:7128: checking for /usr/bin/ld option to reload object files
configure:7135: result: -r
configure:7209: checking for objdump
configure:7225: found /usr/bin/objdump
configure:7236: result: objdump
configure:7268: checking how to recognize dependent libraries
configure:7468: result: pass_all
configure:7553: checking for dlltool
configure:7583: result: no
configure:7613: checking how to associate runtime and link libraries
configure:7640: result: printf %s\n
configure:7700: checking for ar
configure:7716: found /usr/bin/ar
configure:7727: result: ar
configure:7764: checking for archiver @FILE support
configure:7781: gcc -c -g -O2  conftest.c >&5
configure:7781: $? = 0
configure:7784: ar cr libconftest.a @conftest.lst >&5
configure:7787: $? = 0
configure:7792: ar cr libconftest.a @conftest.lst >&5
ar: conftest.o: No such file or directory
configure:7795: $? = 1
configure:7794: result: @
configure:7852: checking for strip
configure:7868: found /usr/bin/strip
configure:7879: result: strip
configure:7951: checking for ranlib
configure:7967: found /usr/bin/ranlib
configure:7978: result: ranlib
configure:8080: checking command to parse /usr/bin/nm -B output from gcc object
configure:8233: gcc -c -g -O2  conftest.c >&5
configure:8236: $? = 0
configure:8240: /usr/bin/nm -B conftest.o | sed -n -e 's/^.*[	 ]\([ABCDGIRSTW][ABCDGIRSTW]*\)[	 ][	 ]*\([_A-Za-z][_A-Za-z0-9]*\)$/\1 \2 \2/p' | sed '/ __gnu_lto/d' > conftest.nm
configure:8306: gcc -o conftest -g -O2   conftest.c conftstm.o >&5
configure:8309: $? = 0
configure:8347: result: ok
configure:8394: checking for sysroot
configure:8424: result: no
configure:8431: checking for a working dd
configure:8469: result: /usr/bin/dd
configure:8473: checking how to truncate binary pipes
configure:8488: result: /usr/bin/dd bs=4096 count=1
configure:8624: gcc -c -g -O2  conftest.c >&5
configure:8627: $? = 0
configure:8817: checking for mt
configure:8833: found /usr/bin/mt
configure:8844: result: mt
configure:8867: checking if mt is a manifest tool
configure:8873: mt '-?'
configure:8881: result: no
configure:9555: checking for dlfcn.h
configure:9555: gcc -c -g -O2  conftest.c >&5
configure:9555: $? = 0
configure:9555: result: yes
configure:9822: checking for objdir
configure:9837: result: .libs
configure:10097: checking if gcc supports -fno-rtti -fno-exceptions
configure:10115: gcc -c -g -O2  -fno-rtti -fno-exceptions conftest.c >&5
cc1: warning: command-line option '-fno-rtti' is valid for C++/D/ObjC++ but not for C
configure:10119: $? = 0
configure:10132: result: no
configure:10496: checking for gcc option to produce PIC
configure:10503: result: -fPIC -DPIC
configure:10511: checking if gcc PIC flag -fPIC -DPIC works
configure:10529: gcc -c -g -O2  -fPIC -DPIC -DPIC conftest.c >&5
configure:10533: $? = 0
configure:10546: result: yes
configure:10575: checking if gcc static flag -static works
configure:10603: result: yes
configure:10618: checking if gcc supports -c -o file.o
configure:10639: gcc -c -g -O2  -o out/conftest2.o conftest.c >&5
configure:10643: $? = 0
configure:10665: result: yes
configure:10673: checking if gcc supports -c -o file.o
configure:10720: result: yes
configure:10753: checking whether the gcc linker (/usr/bin/ld -m elf_x86_64) supports shared libraries
configure:12016: result: yes
configure:12053: checking whether -lc should be explicitly linked in
configure:12061: gcc -c -g -O2  conftest.c >&5
configure:12064: $? = 0
configure:12079: gcc -shared  -fPIC -DPIC conftest.o  -v -Wl,-soname -Wl,conftest -o conftest 2\>\&1 \| /usr/bin/grep  -lc  \>/dev/null 2\>\&1
configure:12082: $? = 0
configure:12096: result: no
configure:12256: checking dynamic linker characteristics
configure:12837: gcc -o conftest -g -O2   -Wl,-rpath -Wl,/foo conftest.c  >&5
configure:12837: $? = 0
configure:13086: result: GNU/Linux ld.so
configure:13208: checking how to hardcode library paths into programs
configure:13233: result: immediate
configure:13781: checking whether stripping libraries is possible
configure:13786: result: yes
configure:13821: checking if libtool supports shared libraries
configure:13823: result: yes
configure:13826: checking whether to build shared libraries
configure:13851: result: yes
configure:13854: checking whether to build static libraries
configure:13858: result: yes
configure:10657: checking how to run the C++ preprocessor
configure:10684: g++ -E  conftest.cpp
configure:10684: $? = 0
configure:10698: g++ -E  conftest.cpp
conftest.cpp:30:10: fatal error: ac_nonexistent.h: No such file or directory
   30 | #include <ac_nonexistent.h>
      |          ^~~~~~~~~~~~~~~~~~
compilation terminated.
configure:10698: $? = 1
configure: failed program was:
| /* confdefs.h */
| #define PACKAGE_NAME "cathy"
| #define PACKAGE_TARNAME "cathy"
| #define PACKAGE_VERSION "0.1.0"
| #define PACKAGE_STRING "cathy 0.1.0"
| #define PACKAGE_BUGREPORT ""
| #define PACKAGE_URL ""
| #define PACKAGE "cathy"
| #define VERSION "0.1.0"
| #define GETTEXT_PACKAGE "cathy"
| #define STDC_HEADERS 1
| #define HAVE_SYS_TYPES_H 1
| #define HAVE_SYS_STAT_H 1
| #define HAVE_STDLIB_H 1
| #define HAVE_STRING_H 1
| #define HAVE_MEMORY_H 1
| #define HAVE_STRINGS_H 1
| #define HAVE_INTTYPES_H 1
| #define HAVE_STDINT_H 1
| #define HAVE_UNISTD_H 1
| #define HAVE_LOCALE_H 1
| #define HAVE_LC_MESSAGES 1
| #define HAVE_BIND_TEXTDOMAIN_CODESET 1
| #define HAVE_GETTEXT 1
| #define HAVE_DCGETTEXT 1
| #define ENABLE_NLS 1
| #define HAVE_DLFCN_H 1
| #define LT_OBJDIR ".libs/"
| /* end confdefs.h.  */
| #include <ac_nonexistent.h>
configure:10723: result: g++ -E
configure:10743: g++ -E  conftest.cpp
configure:10743: $? = 0
configure:10757: g++ -E  conftest.cpp
conftest.cpp:30:10: fatal error: ac_nonexistent.h: No such file or directory
   30 | #include <ac_nonexistent.h>
      |          ^~~~~~~~~~~~~~~~~~
compilation terminated.
configure:10757: $? = 1
configure: failed program was:
| /* confdefs.h */
| #define PACKAGE_NAME "cathy"
| #define PACKAGE_TARNAME "cathy"
| #define PACKAGE_VERSION "0.1.0"
| #define PACKAGE_STRING "cathy 0.1.0"
| #define PACKAGE_BUGREPORT ""
| #define PACKAGE_URL ""
| #define PACKAGE "cathy"
| #define VERSION "0.1.0"
| #define GETTEXT_PACKAGE "cathy"
| #define STDC_HEADERS 1
| #define HAVE_SYS_TYPES_H 1
| #define HAVE_SYS_STAT_H 1
| #define HAVE_STDLIB_H 1
| #define HAVE_STRING_H 1
| #define HAVE_MEMORY_H 1
| #define HAVE_STRINGS_H 1
| #define HAVE_INTTYPES_H 1
| #define HAVE_STDINT_H 1
| #define HAVE_UNISTD_H 1
| #define HAVE_LOCALE_H 1
| #define HAVE_LC_MESSAGES 1
| #define HAVE_BIND_TEXTDOMAIN_CODESET 1
| #define HAVE_GETTEXT 1
| #define HAVE_DCGETTEXT 1
| #define ENABLE_NLS 1
| #define HAVE_DLFCN_H 1
| #define LT_OBJDIR ".libs/"
| /* end confdefs.h.  */
| #include <ac_nonexistent.h>
configure:10919: checking for ld used by g++
configure:10986: result: /usr/bin/ld -m elf_x86_64
configure:10993: checking if the linker (/usr/bin/ld -m elf_x86_64) is GNU ld
configure:11008: result: yes
configure:11063: checking whether the g++ linker (/usr/bin/ld -m elf_x86_64) supports shared libraries
configure:12136: result: yes
configure:12172: g++ -c -std=c++20  conftest.cpp >&5
configure:12175: $? = 0
configure:12656: checking for g++ option to produce PIC
configure:12663: result: -fPIC -DPIC
configure:12671: checking if g++ PIC flag -fPIC -DPIC works
configure:12689: g++ -c -std=c++20  -fPIC -DPIC -DPIC conftest.cpp >&5
configure:12693: $? = 0
configure:12706: result: yes
configure:12729: checking if g++ static flag -static works
configure:12757: result: yes
configure:12769: checking if g++ supports -c -o file.o
configure:12790: g++ -c -std=c++20  -o out/conftest2.o conftest.cpp >&5
configure:12794: $? = 0
configure:12816: result: yes
configure:12821: checking if g++ supports -c -o file.o
configure:12868: result: yes
configure:12898: checking whether the g++ linker (/usr/bin/ld -m elf_x86_64) supports shared libraries
configure:12941: result: yes
configure:13082: checking dynamic linker characteristics
configure:13839: result: GNU/Linux ld.so
configure:13904: checking how to hardcode library paths into programs
configure:13929: result: immediate
configure:12878: checking for pkg-config
configure:12896: found /usr/bin/pkg-config
configure:12908: result: /usr/bin/pkg-config
configure:12933: checking pkg-config is at least version 0.9.0
configure:12936: result: yes
configure:12947: checking for xmms2-client-cpp-glib
xmms2-client-cpp
configure:12956: $PKG_CONFIG --exists --print-errors "xmms2-client-cpp-glib
xmms2-client-cpp"
configure:12960: $? = 0
configure:12976: $PKG_CONFIG --exists --print-errors "xmms2-client-cpp-glib
xmms2-client-cpp"
configure:12980: $? = 0
configure:13042: result: yes
configure:13051: checking for xmms2-client-cpp-glib
xmms2-client-cpp
glib-2.0
configure:13062: $PKG_CONFIG --exists --print-errors "xmms2-client-cpp-glib
xmms2-client-cpp
glib-2.0"
configure:13067: $? = 0
configure:13085: $PKG_CONFIG --exists --print-errors "xmms2-client-cpp-glib
xmms2-client-cpp
glib-2.0"
configure:13090: $? = 0
configure:13156: result: yes
configure:13166: checking for gtkmm-3.0
xmms2-client-cpp-glib
xmms2-client-cpp
glib-2.0
configure:13179: $PKG_CONFIG --exists --print-errors "gtkmm-3.0
xmms2-client-cpp-glib
xmms2-client-cpp
glib-2.0"
configure:13185: $? = 0
configure:13205: $PKG_CONFIG --exists --print-errors "gtkmm-3.0
xmms2-client-cpp-glib
xmms2-client-cpp
glib-2.0"
configure:13211: $? = 0
configure:13281: result: yes
configure:13392: checking that generated files are newer than configure
configure:13398: result: done
configure:13429: creating ./config.status

## ---------------------- ##
## Running config.status. ##
## ---------------------- ##

This file was extended by cathy config.status 0.1.0, which was
generated by GNU Autoconf 2.69.  Invocation command line was

  CONFIG_FILES    = 
  CONFIG_HEADERS  = 
  CONFIG_LINKS    = 
  CONFIG_COMMANDS = 
  $ ./config.status 

on pern

config.status:1242: creating Makefile
config.status:1242: creating src/Makefile
config.status:1242: creating po/Makefile.in
config.status:1242: creating config.h
config.status:1423: config.h is unchanged
config.status:1471: executing depfiles commands
config.status:1548: cd src       && sed -e '/# am--include-marker/d' Makefile         | make -f - am--depfiles
make: Nothing to be done for 'am--depfiles'.
config.status:1553: $? = 0
config.status:1471: executing default-1 commands
config.status:1471: executing libtool commands
config.status:1471: executing po/stamp-it commands
configure:15863: WARNING: unrecognized options: --enable-maintainer-mode

## ---------------- ##
## Cache variables. ##
## ---------------- ##

ac_cv_build=x86_64-unknown-linux-gnu
ac_cv_c_compiler_gnu=yes
ac_cv_cxx_compiler_gnu=yes
ac_cv_env_CATHY_CFLAGS_set=
ac_cv_env_CATHY_CFLAGS_value=
ac_cv_env_CATHY_LIBS_set=
ac_cv_env_CATHY_LIBS_value=
ac_cv_env_CCC_set=
ac_cv_env_CCC_value=
ac_cv_env_CC_set=
ac_cv_env_CC_value=
ac_cv_env_CFLAGS_set=
ac_cv_env_CFLAGS_value=
ac_cv_env_CPPFLAGS_set=
ac_cv_env_CPPFLAGS_value=
ac_cv_env_CPP_set=
ac_cv_env_CPP_value=
ac_cv_env_CXXCPP_set=
ac_cv_env_CXXCPP_value=
ac_cv_env_CXXFLAGS_set=set
ac_cv_env_CXXFLAGS_value=-std=c++20
ac_cv_env_CXX_set=
ac_cv_env_CXX_value=
ac_cv_env_GLIB_CFLAGS_set=
ac_cv_env_GLIB_CFLAGS_value=
ac_cv_env_GLIB_LIBS_set=
ac_cv_env_GLIB_LIBS_value=
ac_cv_env_LDFLAGS_set=
ac_cv_env_LDFLAGS_value=
ac_cv_env_LIBS_set=
ac_cv_env_LIBS_value=
ac_cv_env_LT_SYS_LIBRARY_PATH_set=
ac_cv_env_LT_SYS_LIBRARY_PATH_value=
ac_cv_env_PKG_CONFIG_LIBDIR_set=
ac_cv_env_PKG_CONFIG_LIBDIR_value=
ac_cv_env_PKG_CONFIG_PATH_set=set
ac_cv_env_PKG_CONFIG_PATH_value=/usr/lib/pkgconfig:/usr/local/lib/pkgconfig:/usr/share/pkgconfig
ac_cv_env_PKG_CONFIG_set=
ac_cv_env_PKG_CONFIG_value=
ac_cv_env_XMMS2_CLIENT_CPP_CFLAGS_set=
ac_cv_env_XMMS2_CLIENT_CPP_CFLAGS_value=
ac_cv_env_XMMS2_CLIENT_CPP_LIBS_set=
ac_cv_env_XMMS2_CLIENT_CPP_LIBS_value=
ac_cv_env_build_alias_set=
ac_cv_env_build_alias_value=
ac_cv_env_host_alias_set=
ac_cv_env_host_alias_value=
ac_cv_env_target_alias_set=
ac_cv_env_target_alias_value=
ac_cv_func_bind_textdomain_codeset=yes
ac_cv_func_dcgettext=yes
ac_cv_header_dlfcn_h=yes
ac_cv_header_inttypes_h=yes
ac_cv_header_libintl_h=yes
ac_cv_header_locale_h=yes
ac_cv_header_memory_h=yes
ac_cv_header_stdc=yes
ac_cv_header_stdint_h=yes
ac_cv_header_stdlib_h=yes
ac_cv_header_string_h=yes
ac_cv_header_strings_h=yes
ac_cv_header_sys_stat_h=yes
ac_cv_header_sys_types_h=yes
ac_cv_header_unistd_h=yes
ac_cv_host=x86_64-unknown-linux-gnu
ac_cv_objext=o
ac_cv_path_EGREP='/usr/bin/grep -E'
ac_cv_path_FGREP='/usr/bin/grep -F'
ac_cv_path_GMSGFMT=/usr/bin/msgfmt
ac_cv_path_GREP=/usr/bin/grep
ac_cv_path_INTLTOOL_EXTRACT=/usr/bin/intltool-extract
ac_cv_path_INTLTOOL_MERGE=/usr/bin/intltool-merge
ac_cv_path_INTLTOOL_PERL=/usr/bin/perl
ac_cv_path_INTLTOOL_UPDATE=/usr/bin/intltool-update
ac_cv_path_MSGFMT=/usr/bin/msgfmt
ac_cv_path_MSGMERGE=/usr/bin/msgmerge
ac_cv_path_SED=/usr/bin/sed
ac_cv_path_XGETTEXT=/usr/bin/xgettext
ac_cv_path_ac_pt_PKG_CONFIG=/usr/bin/pkg-config
ac_cv_path_install='/usr/bin/install -c'
ac_cv_path_lt_DD=/usr/bin/dd
ac_cv_path_mkdir=/usr/bin/mkdir
ac_cv_prog_AWK=gawk
ac_cv_prog_CPP='gcc -E'
ac_cv_prog_CXXCPP='g++ -E'
ac_cv_prog_ac_ct_AR=ar
ac_cv_prog_ac_ct_CC=gcc
ac_cv_prog_ac_ct_CXX=g++
ac_cv_prog_ac_ct_MANIFEST_TOOL=mt
ac_cv_prog_ac_ct_OBJDUMP=objdump
ac_cv_prog_ac_ct_RANLIB=ranlib
ac_cv_prog_ac_ct_STRIP=strip
ac_cv_prog_cc_c89=
ac_cv_prog_cc_g=yes
ac_cv_prog_cxx_g=yes
ac_cv_prog_make_make_set=yes
am_cv_CC_dependencies_compiler_type=gcc3
am_cv_CXX_dependencies_compiler_type=gcc3
am_cv_make_support_nested_variables=yes
am_cv_prog_cc_c_o=yes
am_cv_val_LC_MESSAGES=yes
gt_cv_func_CFLocaleCopyCurrent=no
gt_cv_func_CFPreferencesCopyAppValue=no
gt_cv_func_dgettext_libc=yes
gt_cv_func_dgettext_libintl=no
gt_cv_func_ngettext_libc=yes
gt_cv_have_gettext=yes
lt_cv_ar_at_file=@
lt_cv_archive_cmds_need_lc=no
lt_cv_deplibs_check_method=pass_all
lt_cv_file_magic_cmd='$MAGIC_CMD'
lt_cv_file_magic_test_file=
lt_cv_ld_reload_flag=-r
lt_cv_nm_interface='BSD nm'
lt_cv_objdir=.libs
lt_cv_path_LD=/usr/bin/ld
lt_cv_path_LDCXX='/usr/bin/ld -m elf_x86_64'
lt_cv_path_NM='/usr/bin/nm -B'
lt_cv_path_mainfest_tool=no
lt_cv_prog_compiler_c_o=yes
lt_cv_prog_compiler_c_o_CXX=yes
lt_cv_prog_compiler_pic='-fPIC -DPIC'
lt_cv_prog_compiler_pic_CXX='-fPIC -DPIC'
lt_cv_prog_compiler_pic_works=yes
lt_cv_prog_compiler_pic_works_CXX=yes
lt_cv_prog_compiler_rtti_exceptions=no
lt_cv_prog_compiler_static_works=yes
lt_cv_prog_compiler_static_works_CXX=yes
lt_cv_prog_gnu_ld=yes
lt_cv_prog_gnu_ldcxx=yes
lt_cv_sharedlib_from_linklib_cmd='printf %s\n'
lt_cv_shlibpath_overrides_runpath=yes
lt_cv_sys_global_symbol_pipe='sed -n -e '\''s/^.*[	 ]\([ABCDGIRSTW][ABCDGIRSTW]*\)[	 ][	 ]*\([_A-Za-z][_A-Za-z0-9]*\)$/\1 \2 \2/p'\'' | sed '\''/ __gnu_lto/d'\'''
lt_cv_sys_global_symbol_to_c_name_address='sed -n -e '\''s/^: \(.*\) .*$/  {"\1", (void *) 0},/p'\'' -e '\''s/^[ABCDGIRSTW][ABCDGIRSTW]* .* \(.*\)$/  {"\1", (void *) \&\1},/p'\'''
lt_cv_sys_global_symbol_to_c_name_address_lib_prefix='sed -n -e '\''s/^: \(.*\) .*$/  {"\1", (void *) 0},/p'\'' -e '\''s/^[ABCDGIRSTW][ABCDGIRSTW]* .* \(lib.*\)$/  {"\1", (void *) \&\1},/p'\'' -e '\''s/^[ABCDGIRSTW][ABCDGIRSTW]* .* \(.*\)$/  {"lib\1", (void *) \&\1},/p'\'''
lt_cv_sys_global_symbol_to_cdecl='sed -n -e '\''s/^T .* \(.*\)$/extern int \1();/p'\'' -e '\''s/^[ABCDGIRSTW][ABCDGIRSTW]* .* \(.*\)$/extern char \1;/p'\'''
lt_cv_sys_global_symbol_to_import=
lt_cv_sys_max_cmd_len=1572864
lt_cv_to_host_file_cmd=func_convert_file_noop
lt_cv_to_tool_file_cmd=func_convert_file_noop
lt_cv_truncate_bin='/usr/bin/dd bs=4096 count=1'
pkg_cv_CATHY_CFLAGS='-pthread -I/usr/include/xmms2 -I/usr/include/gtkmm-3.0 -I/usr/lib/x86_64-linux-gnu/gtkmm-3.0/include -I/usr/include/atkmm-1.6 -I/usr/include/gtk-3.0/unix-print -I/usr/include/gdkmm-3.0 -I/usr/lib/x86_64-linux-gnu/gdkmm-3.0/include -I/usr/include/giomm-2.4 -I/usr/lib/x86_64-linux-gnu/giomm-2.4/include -I/usr/include/pangomm-1.4 -I/usr/lib/x86_64-linux-gnu/pangomm-1.4/include -I/usr/include/glibmm-2.4 -I/usr/lib/x86_64-linux-gnu/glibmm-2.4/include -I/usr/include/gtk-3.0 -I/usr/include/at-spi2-atk/2.0 -I/usr/include/at-spi-2.0 -I/usr/include/dbus-1.0 -I/usr/lib/x86_64-linux-gnu/dbus-1.0/include -I/usr/include/gtk-3.0 -I/usr/include/gio-unix-2.0 -I/usr/include/cairo -I/usr/include/pango-1.0 -I/usr/include/fribidi -I/usr/include/harfbuzz -I/usr/include/atk-1.0 -I/usr/include/cairo -I/usr/include/cairomm-1.0 -I/usr/lib/x86_64-linux-gnu/cairomm-1.0/include -I/usr/include/cairo -I/usr/include/pixman-1 -I/usr/include/uuid -I/usr/include/freetype2 -I/usr/include/libpng16 -I/usr/include/sigc++-2.0 -I/usr/lib/x86_64-linux-gnu/sigc++-2.0/include -I/usr/include/gdk-pixbuf-2.0 -I/usr/include/libmount -I/usr/include/blkid -I/usr/include/glib-2.0 -I/usr/lib/x86_64-linux-gnu/glib-2.0/include'
pkg_cv_CATHY_LIBS='-lgtkmm-3.0 -latkmm-1.6 -lgdkmm-3.0 -lgiomm-2.4 -lpangomm-1.4 -lglibmm-2.4 -lgtk-3 -lgdk-3 -lpangocairo-1.0 -lpango-1.0 -lharfbuzz -latk-1.0 -lcairo-gobject -lgio-2.0 -lcairomm-1.0 -lcairo -lsigc-2.0 -lgdk_pixbuf-2.0 -lgobject-2.0 -lxmmsclient-glib -lxmmsclient++-glib -lxmmsclient -lxmmsclient++ -lglib-2.0'
pkg_cv_GLIB_CFLAGS='-I/usr/include/xmms2 -I/usr/include/glib-2.0 -I/usr/lib/x86_64-linux-gnu/glib-2.0/include'
pkg_cv_GLIB_LIBS='-lxmmsclient-glib -lxmmsclient++-glib -lxmmsclient -lxmmsclient++ -lglib-2.0'
pkg_cv_XMMS2_CLIENT_CPP_CFLAGS=-I/usr/include/xmms2
pkg_cv_XMMS2_CLIENT_CPP_LIBS='-lxmmsclient-glib -lxmmsclient++-glib -lxmmsclient -lxmmsclient++'

## ----------------- ##
## Output variables. ##
## ----------------- ##

ACLOCAL='${SHELL} /home/grizzlysmit/Projects/xmms2/cathy/missing aclocal-1.16'
ALL_LINGUAS=''
AMDEPBACKSLASH='\'
AMDEP_FALSE='#'
AMDEP_TRUE=''
AMTAR='$${TAR-tar}'
AM_BACKSLASH='\'
AM_DEFAULT_V='$(AM_DEFAULT_VERBOSITY)'
AM_DEFAULT_VERBOSITY='0'
AM_V='$(V)'
AR='ar'
AUTOCONF='${SHELL} /home/grizzlysmit/Projects/xmms2/cathy/missing autoconf'
AUTOHEADER='${SHELL} /home/grizzlysmit/Projects/xmms2/cathy/missing autoheader'
AUTOMAKE='${SHELL} /home/grizzlysmit/Projects/xmms2/cathy/missing automake-1.16'
AWK='gawk'
CATALOGS=''
CATHY_CFLAGS='-pthread -I/usr/include/xmms2 -I/usr/include/gtkmm-3.0 -I/usr/lib/x86_64-linux-gnu/gtkmm-3.0/include -I/usr/include/atkmm-1.6 -I/usr/include/gtk-3.0/unix-print -I/usr/include/gdkmm-3.0 -I/usr/lib/x86_64-linux-gnu/gdkmm-3.0/include -I/usr/include/giomm-2.4 -I/usr/lib/x86_64-linux-gnu/giomm-2.4/include -I/usr/include/pangomm-1.4 -I/usr/lib/x86_64-linux-gnu/pangomm-1.4/include -I/usr/include/glibmm-2.4 -I/usr/lib/x86_64-linux-gnu/glibmm-2.4/include -I/usr/include/gtk-3.0 -I/usr/include/at-spi2-atk/2.0 -I/usr/include/at-spi-2.0 -I/usr/include/dbus-1.0 -I/usr/lib/x86_64-linux-gnu/dbus-1.0/include -I/usr/include/gtk-3.0 -I/usr/include/gio-unix-2.0 -I/usr/include/cairo -I/usr/include/pango-1.0 -I/usr/include/fribidi -I/usr/include/harfbuzz -I/usr/include/atk-1.0 -I/usr/include/cairo -I/usr/include/cairomm-1.0 -I/usr/lib/x86_64-linux-gnu/cairomm-1.0/include -I/usr/include/cairo -I/usr/include/pixman-1 -I/usr/include/uuid -I/usr/include/freetype2 -I/usr/include/libpng16 -I/usr/include/sigc++-2.0 -I/usr/lib/x86_64-linux-gnu/sigc++-2.0/include -I/usr/include/gdk-pixbuf-2.0 -I/usr/include/libmount -I/usr/include/blkid -I/usr/include/glib-2.0 -I/usr/lib/x86_64-linux-gnu/glib-2.0/include'
CATHY_LIBS='-lgtkmm-3.0 -latkmm-1.6 -lgdkmm-3.0 -lgiomm-2.4 -lpangomm-1.4 -lglibmm-2.4 -lgtk-3 -lgdk-3 -lpangocairo-1.0 -lpango-1.0 -lharfbuzz -latk-1.0 -lcairo-gobject -lgio-2.0 -lcairomm-1.0 -lcairo -lsigc-2.0 -lgdk_pixbuf-2.0 -lgobject-2.0 -lxmmsclient-glib -lxmmsclient++-glib -lxmmsclient -lxmmsclient++ -lglib-2.0'
CATOBJEXT='.gmo'
CC='gcc'
CCDEPMODE='depmode=gcc3'
CFLAGS='-g -O2'
CPP='gcc -E'
CPPFLAGS=''
CXX='g++'
CXXCPP='g++ -E'
CXXDEPMODE='depmode=gcc3'
CXXFLAGS='-std=c++20'
CYGPATH_W='echo'
DATADIRNAME='share'
DEFS='-DHAVE_CONFIG_H'
DEPDIR='.deps'
DLLTOOL='false'
DSYMUTIL=''
DUMPBIN=''
ECHO_C=''
ECHO_N='-n'
ECHO_T=''
EGREP='/usr/bin/grep -E'
EXEEXT=''
FGREP='/usr/bin/grep -F'
GETTEXT_PACKAGE='cathy'
GLIB_CFLAGS='-I/usr/include/xmms2 -I/usr/include/glib-2.0 -I/usr/lib/x86_64-linux-gnu/glib-2.0/include'
GLIB_LIBS='-lxmmsclient-glib -lxmmsclient++-glib -lxmmsclient -lxmmsclient++ -lglib-2.0'
GMOFILES=''
GMSGFMT='/usr/bin/msgfmt'
GREP='/usr/bin/grep'
INSTALL_DATA='${INSTALL} -m 644'
INSTALL_PROGRAM='${INSTALL}'
INSTALL_SCRIPT='${INSTALL}'
INSTALL_STRIP_PROGRAM='$(install_sh) -c -s'
INSTOBJEXT='.mo'
INTLLIBS=''
INTLTOOL_CAVES_RULE='%.caves:     %.caves.in     $(INTLTOOL_MERGE) $(wildcard $(top_srcdir)/po/*.po) ; $(INTLTOOL_V_MERGE)LC_ALL=C $(INTLTOOL_MERGE) $(INTLTOOL_V_MERGE_OPTIONS) -d -u -c $(top_builddir)/po/.intltool-merge-cache $(top_srcdir)/po $< $@'
INTLTOOL_DESKTOP_RULE='%.desktop:   %.desktop.in   $(INTLTOOL_MERGE) $(wildcard $(top_srcdir)/po/*.po) ; $(INTLTOOL_V_MERGE)LC_ALL=C $(INTLTOOL_MERGE) $(INTLTOOL_V_MERGE_OPTIONS) -d -u -c $(top_builddir)/po/.intltool-merge-cache $(top_srcdir)/po $< $@'
INTLTOOL_DIRECTORY_RULE='%.directory: %.directory.in $(INTLTOOL_MERGE) $(wildcard $(top_srcdir)/po/*.po) ; $(INTLTOOL_V_MERGE)LC_ALL=C $(INTLTOOL_MERGE) $(INTLTOOL_V_MERGE_OPTIONS) -d -u -c $(top_builddir)/po/.intltool-merge-cache $(top_srcdir)/po $< $@'
INTLTOOL_EXTRACT='/usr/bin/intltool-extract'
INTLTOOL_KBD_RULE='%.kbd:       %.kbd.in       $(INTLTOOL_MERGE) $(wildcard $(top_srcdir)/po/*.po) ; $(INTLTOOL_V_MERGE)LC_ALL=C $(INTLTOOL_MERGE) $(INTLTOOL_V_MERGE_OPTIONS) -x -u -m -c $(top_builddir)/po/.intltool-merge-cache $(top_srcdir)/po $< $@'
INTLTOOL_KEYS_RULE='%.keys:      %.keys.in      $(INTLTOOL_MERGE) $(wildcard $(top_srcdir)/po/*.po) ; $(INTLTOOL_V_MERGE)LC_ALL=C $(INTLTOOL_MERGE) $(INTLTOOL_V_MERGE_OPTIONS) -k -u -c $(top_builddir)/po/.intltool-merge-cache $(top_srcdir)/po $< $@'
INTLTOOL_MERGE='/usr/bin/intltool-merge'
INTLTOOL_OAF_RULE='%.oaf:       %.oaf.in       $(INTLTOOL_MERGE) $(wildcard $(top_srcdir)/po/*.po) ; $(INTLTOOL_V_MERGE)LC_ALL=C $(INTLTOOL_MERGE) $(INTLTOOL_V_MERGE_OPTIONS) -o -p $(top_srcdir)/po $< $@'
INTLTOOL_PERL='/usr/bin/perl'
INTLTOOL_POLICY_RULE='%.policy:    %.policy.in    $(INTLTOOL_MERGE) $(wildcard $(top_srcdir)/po/*.po) ; $(INTLTOOL_V_MERGE)LC_ALL=C $(INTLTOOL_MERGE) $(INTLTOOL_V_MERGE_OPTIONS) -x -u -c $(top_builddir)/po/.intltool-merge-cache $(top_srcdir)/po $< $@'
INTLTOOL_PONG_RULE='%.pong:      %.pong.in      $(INTLTOOL_MERGE) $(wildcard $(top_srcdir)/po/*.po) ; $(INTLTOOL_V_MERGE)LC_ALL=C $(INTLTOOL_MERGE) $(INTLTOOL_V_MERGE_OPTIONS) -x -u -c $(top_builddir)/po/.intltool-merge-cache $(top_srcdir)/po $< $@'
INTLTOOL_PROP_RULE='%.prop:      %.prop.in      $(INTLTOOL_MERGE) $(wildcard $(top_srcdir)/po/*.po) ; $(INTLTOOL_V_MERGE)LC_ALL=C $(INTLTOOL_MERGE) $(INTLTOOL_V_MERGE_OPTIONS) -d -u -c $(top_builddir)/po/.intltool-merge-cache $(top_srcdir)/po $< $@'
INTLTOOL_SCHEMAS_RULE='%.schemas:   %.schemas.in   $(INTLTOOL_MERGE) $(wildcard $(top_srcdir)/po/*.po) ; $(INTLTOOL_V_MERGE)LC_ALL=C $(INTLTOOL_MERGE) $(INTLTOOL_V_MERGE_OPTIONS) -s -u -c $(top_builddir)/po/.intltool-merge-cache $(top_srcdir)/po $< $@'
INTLTOOL_SERVER_RULE='%.server:    %.server.in    $(INTLTOOL_MERGE) $(wildcard $(top_srcdir)/po/*.po) ; $(INTLTOOL_V_MERGE)LC_ALL=C $(INTLTOOL_MERGE) $(INTLTOOL_V_MERGE_OPTIONS) -o -u -c $(top_builddir)/po/.intltool-merge-cache $(top_srcdir)/po $< $@'
INTLTOOL_SERVICE_RULE='%.service: %.service.in   $(INTLTOOL_MERGE) $(wildcard $(top_srcdir)/po/*.po) ; $(INTLTOOL_V_MERGE)LC_ALL=C $(INTLTOOL_MERGE) $(INTLTOOL_V_MERGE_OPTIONS) -d -u -c $(top_builddir)/po/.intltool-merge-cache $(top_srcdir)/po $< $@'
INTLTOOL_SHEET_RULE='%.sheet:     %.sheet.in     $(INTLTOOL_MERGE) $(wildcard $(top_srcdir)/po/*.po) ; $(INTLTOOL_V_MERGE)LC_ALL=C $(INTLTOOL_MERGE) $(INTLTOOL_V_MERGE_OPTIONS) -x -u -c $(top_builddir)/po/.intltool-merge-cache $(top_srcdir)/po $< $@'
INTLTOOL_SOUNDLIST_RULE='%.soundlist: %.soundlist.in $(INTLTOOL_MERGE) $(wildcard $(top_srcdir)/po/*.po) ; $(INTLTOOL_V_MERGE)LC_ALL=C $(INTLTOOL_MERGE) $(INTLTOOL_V_MERGE_OPTIONS) -d -u -c $(top_builddir)/po/.intltool-merge-cache $(top_srcdir)/po $< $@'
INTLTOOL_THEME_RULE='%.theme:     %.theme.in     $(INTLTOOL_MERGE) $(wildcard $(top_srcdir)/po/*.po) ; $(INTLTOOL_V_MERGE)LC_ALL=C $(INTLTOOL_MERGE) $(INTLTOOL_V_MERGE_OPTIONS) -d -u -c $(top_builddir)/po/.intltool-merge-cache $(top_srcdir)/po $< $@'
INTLTOOL_UI_RULE='%.ui:        %.ui.in        $(INTLTOOL_MERGE) $(wildcard $(top_srcdir)/po/*.po) ; $(INTLTOOL_V_MERGE)LC_ALL=C $(INTLTOOL_MERGE) $(INTLTOOL_V_MERGE_OPTIONS) -x -u -c $(top_builddir)/po/.intltool-merge-cache $(top_srcdir)/po $< $@'
INTLTOOL_UPDATE='/usr/bin/intltool-update'
INTLTOOL_V_MERGE='$(INTLTOOL__v_MERGE_$(V))'
INTLTOOL_V_MERGE_OPTIONS='$(intltool__v_merge_options_$(V))'
INTLTOOL_XAM_RULE='%.xam:       %.xml.in       $(INTLTOOL_MERGE) $(wildcard $(top_srcdir)/po/*.po) ; $(INTLTOOL_V_MERGE)LC_ALL=C $(INTLTOOL_MERGE) $(INTLTOOL_V_MERGE_OPTIONS) -x -u -c $(top_builddir)/po/.intltool-merge-cache $(top_srcdir)/po $< $@'
INTLTOOL_XML_NOMERGE_RULE='%.xml:       %.xml.in       $(INTLTOOL_MERGE) ; $(INTLTOOL_V_MERGE)LC_ALL=C $(INTLTOOL_MERGE) $(INTLTOOL_V_MERGE_OPTIONS) -x -u --no-translations $< $@'
INTLTOOL_XML_RULE='%.xml:       %.xml.in       $(INTLTOOL_MERGE) $(wildcard $(top_srcdir)/po/*.po) ; $(INTLTOOL_V_MERGE)LC_ALL=C $(INTLTOOL_MERGE) $(INTLTOOL_V_MERGE_OPTIONS) -x -u -c $(top_builddir)/po/.intltool-merge-cache $(top_srcdir)/po $< $@'
INTLTOOL__v_MERGE_0='@echo "  ITMRG " $@;'
INTLTOOL__v_MERGE_='$(INTLTOOL__v_MERGE_$(AM_DEFAULT_VERBOSITY))'
INTL_MACOSX_LIBS=''
LD='/usr/bin/ld -m elf_x86_64'
LDFLAGS=''
LIBOBJS=''
LIBS=''
LIBTOOL='$(SHELL) $(top_builddir)/libtool'
LIPO=''
LN_S='ln -s'
LTLIBOBJS=''
LT_SYS_LIBRARY_PATH=''
MAKEINFO='${SHELL} /home/grizzlysmit/Projects/xmms2/cathy/missing makeinfo'
MANIFEST_TOOL=':'
MKDIR_P='/usr/bin/mkdir -p'
MKINSTALLDIRS='./mkinstalldirs'
MSGFMT='/usr/bin/msgfmt'
MSGFMT_OPTS='-c'
MSGMERGE='/usr/bin/msgmerge'
NM='/usr/bin/nm -B'
NMEDIT=''
OBJDUMP='objdump'
OBJEXT='o'
OTOOL64=''
OTOOL=''
PACKAGE='cathy'
PACKAGE_BUGREPORT=''
PACKAGE_NAME='cathy'
PACKAGE_STRING='cathy 0.1.0'
PACKAGE_TARNAME='cathy'
PACKAGE_URL=''
PACKAGE_VERSION='0.1.0'
PATH_SEPARATOR=':'
PKG_CONFIG='/usr/bin/pkg-config'
PKG_CONFIG_LIBDIR=''
PKG_CONFIG_PATH='/usr/lib/pkgconfig:/usr/local/lib/pkgconfig:/usr/share/pkgconfig'
POFILES=''
POSUB='po'
PO_IN_DATADIR_FALSE=''
PO_IN_DATADIR_TRUE=''
RANLIB='ranlib'
SED='/usr/bin/sed'
SET_MAKE=''
SHELL='/bin/bash'
STRIP='strip'
USE_NLS='yes'
VERSION='0.1.0'
XGETTEXT='/usr/bin/xgettext'
XMMS2_CLIENT_CPP_CFLAGS='-I/usr/include/xmms2'
XMMS2_CLIENT_CPP_LIBS='-lxmmsclient-glib -lxmmsclient++-glib -lxmmsclient -lxmmsclient++'
ac_ct_AR='ar'
ac_ct_CC='gcc'
ac_ct_CXX='g++'
ac_ct_DUMPBIN=''
am__EXEEXT_FALSE=''
am__EXEEXT_TRUE='#'
am__fastdepCC_FALSE='#'
am__fastdepCC_TRUE=''
am__fastdepCXX_FALSE='#'
am__fastdepCXX_TRUE=''
am__include='include'
am__isrc=''
am__leading_dot='.'
am__nodep='_no'
am__quote=''
am__tar='$${TAR-tar} chof - "$$tardir"'
am__untar='$${TAR-tar} xf -'
bindir='${exec_prefix}/bin'
build='x86_64-unknown-linux-gnu'
build_alias=''
build_cpu='x86_64'
build_os='linux-gnu'
build_vendor='unknown'
datadir='${datarootdir}'
datarootdir='${prefix}/share'
docdir='${datarootdir}/doc/${PACKAGE_TARNAME}'
dvidir='${docdir}'
exec_prefix='${prefix}'
host='x86_64-unknown-linux-gnu'
host_alias=''
host_cpu='x86_64'
host_os='linux-gnu'
host_vendor='unknown'
htmldir='${docdir}'
includedir='${prefix}/include'
infodir='${datarootdir}/info'
install_sh='${SHELL} /home/grizzlysmit/Projects/xmms2/cathy/install-sh'
intltool__v_merge_options_0='-q'
intltool__v_merge_options_='$(intltool__v_merge_options_$(AM_DEFAULT_VERBOSITY))'
libdir='${exec_prefix}/lib'
libexecdir='${exec_prefix}/libexec'
localedir='${datarootdir}/locale'
localstatedir='${prefix}/var'
mandir='${datarootdir}/man'
mkdir_p='$(MKDIR_P)'
oldincludedir='/usr/include'
pdfdir='${docdir}'
prefix='/usr/local'
program_transform_name='s,x,x,'
psdir='${docdir}'
runstatedir='${localstatedir}/run'
sbindir='${exec_prefix}/sbin'
sharedstatedir='${prefix}/com'
sysconfdir='${prefix}/etc'
target_alias=''

## ----------- ##
## confdefs.h. ##
## ----------- ##

/* confdefs.h */
#define PACKAGE_NAME "cathy"
#define PACKAGE_TARNAME "cathy"
#define PACKAGE_VERSION "0.1.0"
#define PACKAGE_STRING "cathy 0.1.0"
#define PACKAGE_BUGREPORT ""
#define PACKAGE_URL ""
#define PACKAGE "cathy"
#define VERSION "0.1.0"
#define GETTEXT_PACKAGE "cathy"
#define STDC_HEADERS 1
#define HAVE_SYS_TYPES_H 1
#define HAVE_SYS_STAT_H 1
#define HAVE_STDLIB_H 1
#define HAVE_STRING_H 1
#define HAVE_MEMORY_H 1
#define HAVE_STRINGS_H 1
#define HAVE_INTTYPES_H 1
#define HAVE_STDINT_H 1
#define HAVE_UNISTD_H 1
#define HAVE_LOCALE_H 1
#define HAVE_LC_MESSAGES 1
#define HAVE_BIND_TEXTDOMAIN_CODESET 1
#define HAVE_GETTEXT 1
#define HAVE_DCGETTEXT 1
#define ENABLE_NLS 1
#define HAVE_DLFCN_H 1
#define LT_OBJDIR ".libs/"

configure: exit 0
